INFO: Service started successfully.
WARNING: Disk space running low.
ERROR: Database connection failed.
INFO: User logged in.
ERROR: Null pointer exception.
INFO: System health check completed.
WARNING: High CPU utilization detected (92%).
INFO: Backup process initiated.
WARNING: Memory usage above 80% threshold.
ERROR: Failed to write to log file: permission denied.
INFO: Database connection pool initialized with 10 connections.
WARNING: API rate limit approaching (85% consumed).
INFO: Cache refresh completed successfully.
ERROR: Unable to reach authentication service.
INFO: User session expired.
WARNING: SSL certificate expires in 10 days.
INFO: Configuration file loaded.
ERROR: Invalid JSON format in request payload.
WARNING: Slow query detected (execution time: 4.2s).
INFO: Scheduled maintenance completed.